<?xml version="1.0" encoding="UTF-8"?>
<testng-results skipped="0" failed="0" ignored="0" total="1" passed="1">
  <reporter-output>
  </reporter-output>
  <suite name="Default suite" duration-ms="13471" started-at="2018-11-24T12:15:47Z" finished-at="2018-11-24T12:16:00Z">
    <groups>
    </groups>
    <test name="Default test" duration-ms="13471" started-at="2018-11-24T12:15:47Z" finished-at="2018-11-24T12:16:00Z">
      <class name="demo.pagetest.UserManagementViewTest">
        <test-method status="PASS" signature="setUp()[pri:0, instance:demo.pagetest.UserManagementViewTest@604ed9f0]" name="setUp" is-config="true" duration-ms="7868" started-at="2018-11-24T12:15:47Z" finished-at="2018-11-24T12:15:55Z">
          <reporter-output>
          </reporter-output>
        </test-method> <!-- setUp -->
        <test-method status="PASS" signature="verifyUserManagementView()[pri:0, instance:demo.pagetest.UserManagementViewTest@604ed9f0]" name="verifyUserManagementView" duration-ms="4894" started-at="2018-11-24T12:15:55Z" finished-at="2018-11-24T12:15:59Z">
          <reporter-output>
          </reporter-output>
        </test-method> <!-- verifyUserManagementView -->
        <test-method status="PASS" signature="tearDown()[pri:0, instance:demo.pagetest.UserManagementViewTest@604ed9f0]" name="tearDown" is-config="true" duration-ms="701" started-at="2018-11-24T12:15:59Z" finished-at="2018-11-24T12:16:00Z">
          <reporter-output>
          </reporter-output>
        </test-method> <!-- tearDown -->
      </class> <!-- demo.pagetest.UserManagementViewTest -->
    </test> <!-- Default test -->
  </suite> <!-- Default suite -->
</testng-results>
